0 info it worked if it ends with ok
1 verbose cli [ '/usr/bin/node', '/usr/bin/npm', 'i' ]
2 info using npm@3.5.2
3 info using node@v8.10.0
4 silly loadCurrentTree Starting
5 silly install loadCurrentTree
6 silly install readLocalPackageData
7 silly install normalizeTree
8 silly loadCurrentTree Finishing
9 silly loadIdealTree Starting
10 silly install loadIdealTree
11 silly cloneCurrentTree Starting
12 silly install cloneCurrentTreeToIdealTree
13 silly cloneCurrentTree Finishing
14 silly loadShrinkwrap Starting
15 silly install loadShrinkwrap
16 silly loadShrinkwrap Finishing
17 silly loadAllDepsIntoIdealTree Starting
18 silly install loadAllDepsIntoIdealTree
19 silly fetchNamedPackageData bcrypt
20 silly mapToRegistry name bcrypt
21 silly mapToRegistry using default registry
22 silly mapToRegistry registry https://registry.npmjs.org/
23 silly mapToRegistry uri https://registry.npmjs.org/bcrypt
24 verbose request uri https://registry.npmjs.org/bcrypt
25 verbose request no auth needed
26 info attempt registry request try #1 at 12:01:22 PM
27 verbose request id 1aa758810e3d3d02
28 verbose etag W/"46fde888bf5cab729c8f944536d650a8"
29 verbose lastModified Sun, 14 Apr 2019 09:26:01 GMT
30 http request GET https://registry.npmjs.org/bcrypt
31 http 304 https://registry.npmjs.org/bcrypt
32 verbose headers { date: 'Sat, 13 Jul 2019 06:31:22 GMT',
32 verbose headers   connection: 'keep-alive',
32 verbose headers   'set-cookie':
32 verbose headers    [ '__cfduid=d29e48bf4c165600410200e0c333e40ee1562999482; expires=Sun, 12-Jul-20 06:31:22 GMT; path=/; domain=.npmjs.org; HttpOnly' ],
32 verbose headers   'cf-cache-status': 'HIT',
32 verbose headers   'cache-control': 'max-age=300',
32 verbose headers   'cf-ray': '4f5936ab4cd289a3-MAA',
32 verbose headers   age: '5577',
32 verbose headers   etag: '"46fde888bf5cab729c8f944536d650a8"',
32 verbose headers   'expect-ct': 'max-age=604800, report-uri="https://report-uri.cloudflare.com/cdn-cgi/beacon/expect-ct"',
32 verbose headers   'last-modified': 'Sun, 14 Apr 2019 09:26:01 GMT',
32 verbose headers   vary: 'accept-encoding, accept',
32 verbose headers   'x-amz-meta-rev': '490-00e4bbf337ebb7de81a1923de31df227',
32 verbose headers   server: 'cloudflare' }
33 silly get cb [ 304,
33 silly get   { date: 'Sat, 13 Jul 2019 06:31:22 GMT',
33 silly get     connection: 'keep-alive',
33 silly get     'set-cookie':
33 silly get      [ '__cfduid=d29e48bf4c165600410200e0c333e40ee1562999482; expires=Sun, 12-Jul-20 06:31:22 GMT; path=/; domain=.npmjs.org; HttpOnly' ],
33 silly get     'cf-cache-status': 'HIT',
33 silly get     'cache-control': 'max-age=300',
33 silly get     'cf-ray': '4f5936ab4cd289a3-MAA',
33 silly get     age: '5577',
33 silly get     etag: '"46fde888bf5cab729c8f944536d650a8"',
33 silly get     'expect-ct': 'max-age=604800, report-uri="https://report-uri.cloudflare.com/cdn-cgi/beacon/expect-ct"',
33 silly get     'last-modified': 'Sun, 14 Apr 2019 09:26:01 GMT',
33 silly get     vary: 'accept-encoding, accept',
33 silly get     'x-amz-meta-rev': '490-00e4bbf337ebb7de81a1923de31df227',
33 silly get     server: 'cloudflare' } ]
34 verbose etag https://registry.npmjs.org/bcrypt from cache
35 verbose get saving bcrypt to /home/puru/.npm/registry.npmjs.org/bcrypt/.cache.json
36 silly resolveWithNewModule bcrypt@3.0.6 checking installable status
37 silly cache add args [ 'bcrypt@^3.0.6', null ]
38 verbose cache add spec bcrypt@^3.0.6
39 silly cache add parsed spec Result {
39 silly cache add   raw: 'bcrypt@^3.0.6',
39 silly cache add   scope: null,
39 silly cache add   name: 'bcrypt',
39 silly cache add   rawSpec: '^3.0.6',
39 silly cache add   spec: '>=3.0.6 <4.0.0',
39 silly cache add   type: 'range' }
40 silly addNamed bcrypt@>=3.0.6 <4.0.0
41 verbose addNamed ">=3.0.6 <4.0.0" is a valid semver range for bcrypt
42 silly addNameRange { name: 'bcrypt', range: '>=3.0.6 <4.0.0', hasData: false }
43 silly mapToRegistry name bcrypt
44 silly mapToRegistry using default registry
45 silly mapToRegistry registry https://registry.npmjs.org/
46 silly mapToRegistry uri https://registry.npmjs.org/bcrypt
47 verbose addNameRange registry:https://registry.npmjs.org/bcrypt not in flight; fetching
48 verbose get https://registry.npmjs.org/bcrypt not expired, no request
49 silly addNameRange number 2 { name: 'bcrypt', range: '>=3.0.6 <4.0.0', hasData: true }
50 silly addNameRange versions [ 'bcrypt',
50 silly addNameRange   [ '0.1.2',
50 silly addNameRange     '0.2.0',
50 silly addNameRange     '0.2.1',
50 silly addNameRange     '0.1.3',
50 silly addNameRange     '0.2.2',
50 silly addNameRange     '0.2.3',
50 silly addNameRange     '0.2.4',
50 silly addNameRange     '0.3.0',
50 silly addNameRange     '0.3.1',
50 silly addNameRange     '0.3.2',
50 silly addNameRange     '0.4.0',
50 silly addNameRange     '0.4.1',
50 silly addNameRange     '0.5.0',
50 silly addNameRange     '0.6.0',
50 silly addNameRange     '0.7.0',
50 silly addNameRange     '0.7.1',
50 silly addNameRange     '0.7.2',
50 silly addNameRange     '0.7.3',
50 silly addNameRange     '0.7.4',
50 silly addNameRange     '0.7.5',
50 silly addNameRange     '0.7.6',
50 silly addNameRange     '0.7.7',
50 silly addNameRange     '0.7.8',
50 silly addNameRange     '0.8.0',
50 silly addNameRange     '0.8.1',
50 silly addNameRange     '0.8.2',
50 silly addNameRange     '0.8.3',
50 silly addNameRange     '0.8.4',
50 silly addNameRange     '0.8.5',
50 silly addNameRange     '0.8.6',
50 silly addNameRange     '0.8.7',
50 silly addNameRange     '1.0.0',
50 silly addNameRange     '1.0.1',
50 silly addNameRange     '1.0.2',
50 silly addNameRange     '1.0.3',
50 silly addNameRange     '1.1.0-napi',
50 silly addNameRange     '2.0.0',
50 silly addNameRange     '2.0.1',
50 silly addNameRange     '3.0.0',
50 silly addNameRange     '3.0.1',
50 silly addNameRange     '3.0.2',
50 silly addNameRange     '3.0.3',
50 silly addNameRange     '3.0.4',
50 silly addNameRange     '3.0.4-napi',
50 silly addNameRange     '3.0.5',
50 silly addNameRange     '3.0.6' ] ]
51 silly addNamed bcrypt@3.0.6
52 verbose addNamed "3.0.6" is a plain semver version for bcrypt
53 silly cache afterAdd bcrypt@3.0.6
54 verbose afterAdd /home/puru/.npm/bcrypt/3.0.6/package/package.json not in flight; writing
55 verbose afterAdd /home/puru/.npm/bcrypt/3.0.6/package/package.json written
56 silly loadAllDepsIntoIdealTree Finishing
57 silly idealTree:prePrune Backend@1.0.0
57 silly idealTree:prePrune +-- abbrev@1.1.1
57 silly idealTree:prePrune +-- accepts@1.3.7
57 silly idealTree:prePrune +-- ansi-regex@2.1.1
57 silly idealTree:prePrune +-- aproba@1.2.0
57 silly idealTree:prePrune +-- are-we-there-yet@1.1.5
57 silly idealTree:prePrune +-- array-flatten@1.1.1
57 silly idealTree:prePrune +-- balanced-match@1.0.0
57 silly idealTree:prePrune +-- basic-auth@2.0.1
57 silly idealTree:prePrune +-- bcrypt@3.0.6
57 silly idealTree:prePrune +-- bignumber.js@7.2.1
57 silly idealTree:prePrune +-- body-parser@1.19.0
57 silly idealTree:prePrune +-- brace-expansion@1.1.11
57 silly idealTree:prePrune +-- bytes@3.1.0
57 silly idealTree:prePrune +-- chownr@1.1.2
57 silly idealTree:prePrune +-- code-point-at@1.1.0
57 silly idealTree:prePrune +-- concat-map@0.0.1
57 silly idealTree:prePrune +-- console-control-strings@1.1.0
57 silly idealTree:prePrune +-- content-disposition@0.5.3
57 silly idealTree:prePrune +-- content-type@1.0.4
57 silly idealTree:prePrune +-- cookie-signature@1.0.6
57 silly idealTree:prePrune +-- cookie@0.4.0
57 silly idealTree:prePrune +-- core-util-is@1.0.2
57 silly idealTree:prePrune +-- cors@2.8.5
57 silly idealTree:prePrune +-- debug@2.6.9
57 silly idealTree:prePrune +-- deep-extend@0.6.0
57 silly idealTree:prePrune +-- delegates@1.0.0
57 silly idealTree:prePrune +-- depd@1.1.2
57 silly idealTree:prePrune +-- destroy@1.0.4
57 silly idealTree:prePrune +-- detect-libc@1.0.3
57 silly idealTree:prePrune +-- ee-first@1.1.1
57 silly idealTree:prePrune +-- encodeurl@1.0.2
57 silly idealTree:prePrune +-- escape-html@1.0.3
57 silly idealTree:prePrune +-- etag@1.8.1
57 silly idealTree:prePrune +-- express@4.17.1
57 silly idealTree:prePrune +-- finalhandler@1.1.2
57 silly idealTree:prePrune +-- forwarded@0.1.2
57 silly idealTree:prePrune +-- fresh@0.5.2
57 silly idealTree:prePrune +-- fs-minipass@1.2.6
57 silly idealTree:prePrune +-- fs.realpath@1.0.0
57 silly idealTree:prePrune +-- gauge@2.7.4
57 silly idealTree:prePrune +-- glob@7.1.4
57 silly idealTree:prePrune +-- has-unicode@2.0.1
57 silly idealTree:prePrune +-- http-errors@1.7.2
57 silly idealTree:prePrune +-- iconv-lite@0.4.24
57 silly idealTree:prePrune +-- ignore-walk@3.0.1
57 silly idealTree:prePrune +-- inflight@1.0.6
57 silly idealTree:prePrune +-- inherits@2.0.3
57 silly idealTree:prePrune +-- ini@1.3.5
57 silly idealTree:prePrune +-- ipaddr.js@1.9.0
57 silly idealTree:prePrune +-- is-fullwidth-code-point@1.0.0
57 silly idealTree:prePrune +-- isarray@1.0.0
57 silly idealTree:prePrune +-- media-typer@0.3.0
57 silly idealTree:prePrune +-- merge-descriptors@1.0.1
57 silly idealTree:prePrune +-- method-override@3.0.0
57 silly idealTree:prePrune | `-- debug@3.1.0
57 silly idealTree:prePrune +-- methods@1.1.2
57 silly idealTree:prePrune +-- mime-db@1.40.0
57 silly idealTree:prePrune +-- mime-types@2.1.24
57 silly idealTree:prePrune +-- mime@1.6.0
57 silly idealTree:prePrune +-- minimatch@3.0.4
57 silly idealTree:prePrune +-- minimist@0.0.8
57 silly idealTree:prePrune +-- minipass@2.3.5
57 silly idealTree:prePrune +-- minizlib@1.2.1
57 silly idealTree:prePrune +-- mkdirp@0.5.1
57 silly idealTree:prePrune +-- morgan@1.9.1
57 silly idealTree:prePrune +-- ms@2.0.0
57 silly idealTree:prePrune +-- mysql@2.17.1
57 silly idealTree:prePrune +-- nan@2.13.2
57 silly idealTree:prePrune +-- needle@2.4.0
57 silly idealTree:prePrune | +-- debug@3.2.6
57 silly idealTree:prePrune | `-- ms@2.1.2
57 silly idealTree:prePrune +-- negotiator@0.6.2
57 silly idealTree:prePrune +-- node-pre-gyp@0.12.0
57 silly idealTree:prePrune +-- nopt@4.0.1
57 silly idealTree:prePrune +-- npm-bundled@1.0.6
57 silly idealTree:prePrune +-- npm-packlist@1.4.4
57 silly idealTree:prePrune +-- npmlog@4.1.2
57 silly idealTree:prePrune +-- number-is-nan@1.0.1
57 silly idealTree:prePrune +-- object-assign@4.1.1
57 silly idealTree:prePrune +-- on-finished@2.3.0
57 silly idealTree:prePrune +-- on-headers@1.0.2
57 silly idealTree:prePrune +-- once@1.4.0
57 silly idealTree:prePrune +-- os-homedir@1.0.2
57 silly idealTree:prePrune +-- os-tmpdir@1.0.2
57 silly idealTree:prePrune +-- osenv@0.1.5
57 silly idealTree:prePrune +-- parseurl@1.3.3
57 silly idealTree:prePrune +-- path-is-absolute@1.0.1
57 silly idealTree:prePrune +-- path-to-regexp@0.1.7
57 silly idealTree:prePrune +-- process-nextick-args@2.0.1
57 silly idealTree:prePrune +-- proxy-addr@2.0.5
57 silly idealTree:prePrune +-- qs@6.7.0
57 silly idealTree:prePrune +-- range-parser@1.2.1
57 silly idealTree:prePrune +-- raw-body@2.4.0
57 silly idealTree:prePrune +-- rc@1.2.8
57 silly idealTree:prePrune | `-- minimist@1.2.0
57 silly idealTree:prePrune +-- readable-stream@2.3.6
57 silly idealTree:prePrune +-- rimraf@2.6.3
57 silly idealTree:prePrune +-- safe-buffer@5.1.2
57 silly idealTree:prePrune +-- safer-buffer@2.1.2
57 silly idealTree:prePrune +-- sax@1.2.4
57 silly idealTree:prePrune +-- semver@5.7.0
57 silly idealTree:prePrune +-- send@0.17.1
57 silly idealTree:prePrune | `-- ms@2.1.1
57 silly idealTree:prePrune +-- serve-static@1.14.1
57 silly idealTree:prePrune +-- set-blocking@2.0.0
57 silly idealTree:prePrune +-- setprototypeof@1.1.1
57 silly idealTree:prePrune +-- signal-exit@3.0.2
57 silly idealTree:prePrune +-- sqlstring@2.3.1
57 silly idealTree:prePrune +-- statuses@1.5.0
57 silly idealTree:prePrune +-- string_decoder@1.1.1
57 silly idealTree:prePrune +-- string-width@1.0.2
57 silly idealTree:prePrune +-- strip-ansi@3.0.1
57 silly idealTree:prePrune +-- strip-json-comments@2.0.1
57 silly idealTree:prePrune +-- tar@4.4.10
57 silly idealTree:prePrune +-- toidentifier@1.0.0
57 silly idealTree:prePrune +-- type-is@1.6.18
57 silly idealTree:prePrune +-- unpipe@1.0.0
57 silly idealTree:prePrune +-- util-deprecate@1.0.2
57 silly idealTree:prePrune +-- utils-merge@1.0.1
57 silly idealTree:prePrune +-- vary@1.1.2
57 silly idealTree:prePrune +-- wide-align@1.1.3
57 silly idealTree:prePrune +-- wrappy@1.0.2
57 silly idealTree:prePrune `-- yallist@3.0.3
58 silly loadIdealTree Finishing
59 silly currentTree Backend@1.0.0
59 silly currentTree +-- abbrev@1.1.1
59 silly currentTree +-- accepts@1.3.7
59 silly currentTree +-- ansi-regex@2.1.1
59 silly currentTree +-- aproba@1.2.0
59 silly currentTree +-- are-we-there-yet@1.1.5
59 silly currentTree +-- array-flatten@1.1.1
59 silly currentTree +-- balanced-match@1.0.0
59 silly currentTree +-- basic-auth@2.0.1
59 silly currentTree +-- bignumber.js@7.2.1
59 silly currentTree +-- body-parser@1.19.0
59 silly currentTree +-- brace-expansion@1.1.11
59 silly currentTree +-- bytes@3.1.0
59 silly currentTree +-- chownr@1.1.2
59 silly currentTree +-- code-point-at@1.1.0
59 silly currentTree +-- concat-map@0.0.1
59 silly currentTree +-- console-control-strings@1.1.0
59 silly currentTree +-- content-disposition@0.5.3
59 silly currentTree +-- content-type@1.0.4
59 silly currentTree +-- cookie-signature@1.0.6
59 silly currentTree +-- cookie@0.4.0
59 silly currentTree +-- core-util-is@1.0.2
59 silly currentTree +-- cors@2.8.5
59 silly currentTree +-- debug@2.6.9
59 silly currentTree +-- deep-extend@0.6.0
59 silly currentTree +-- delegates@1.0.0
59 silly currentTree +-- depd@1.1.2
59 silly currentTree +-- destroy@1.0.4
59 silly currentTree +-- detect-libc@1.0.3
59 silly currentTree +-- ee-first@1.1.1
59 silly currentTree +-- encodeurl@1.0.2
59 silly currentTree +-- escape-html@1.0.3
59 silly currentTree +-- etag@1.8.1
59 silly currentTree +-- express@4.17.1
59 silly currentTree +-- finalhandler@1.1.2
59 silly currentTree +-- forwarded@0.1.2
59 silly currentTree +-- fresh@0.5.2
59 silly currentTree +-- fs-minipass@1.2.6
59 silly currentTree +-- fs.realpath@1.0.0
59 silly currentTree +-- gauge@2.7.4
59 silly currentTree +-- glob@7.1.4
59 silly currentTree +-- has-unicode@2.0.1
59 silly currentTree +-- http-errors@1.7.2
59 silly currentTree +-- iconv-lite@0.4.24
59 silly currentTree +-- ignore-walk@3.0.1
59 silly currentTree +-- inflight@1.0.6
59 silly currentTree +-- inherits@2.0.3
59 silly currentTree +-- ini@1.3.5
59 silly currentTree +-- ipaddr.js@1.9.0
59 silly currentTree +-- is-fullwidth-code-point@1.0.0
59 silly currentTree +-- isarray@1.0.0
59 silly currentTree +-- media-typer@0.3.0
59 silly currentTree +-- merge-descriptors@1.0.1
59 silly currentTree +-- method-override@3.0.0
59 silly currentTree | `-- debug@3.1.0
59 silly currentTree +-- methods@1.1.2
59 silly currentTree +-- mime-db@1.40.0
59 silly currentTree +-- mime-types@2.1.24
59 silly currentTree +-- mime@1.6.0
59 silly currentTree +-- minimatch@3.0.4
59 silly currentTree +-- minimist@0.0.8
59 silly currentTree +-- minipass@2.3.5
59 silly currentTree +-- minizlib@1.2.1
59 silly currentTree +-- mkdirp@0.5.1
59 silly currentTree +-- morgan@1.9.1
59 silly currentTree +-- ms@2.0.0
59 silly currentTree +-- mysql@2.17.1
59 silly currentTree +-- nan@2.13.2
59 silly currentTree +-- needle@2.4.0
59 silly currentTree | +-- debug@3.2.6
59 silly currentTree | `-- ms@2.1.2
59 silly currentTree +-- negotiator@0.6.2
59 silly currentTree +-- node-pre-gyp@0.12.0
59 silly currentTree +-- nopt@4.0.1
59 silly currentTree +-- npm-bundled@1.0.6
59 silly currentTree +-- npm-packlist@1.4.4
59 silly currentTree +-- npmlog@4.1.2
59 silly currentTree +-- number-is-nan@1.0.1
59 silly currentTree +-- object-assign@4.1.1
59 silly currentTree +-- on-finished@2.3.0
59 silly currentTree +-- on-headers@1.0.2
59 silly currentTree +-- once@1.4.0
59 silly currentTree +-- os-homedir@1.0.2
59 silly currentTree +-- os-tmpdir@1.0.2
59 silly currentTree +-- osenv@0.1.5
59 silly currentTree +-- parseurl@1.3.3
59 silly currentTree +-- path-is-absolute@1.0.1
59 silly currentTree +-- path-to-regexp@0.1.7
59 silly currentTree +-- process-nextick-args@2.0.1
59 silly currentTree +-- proxy-addr@2.0.5
59 silly currentTree +-- qs@6.7.0
59 silly currentTree +-- range-parser@1.2.1
59 silly currentTree +-- raw-body@2.4.0
59 silly currentTree +-- rc@1.2.8
59 silly currentTree | `-- minimist@1.2.0
59 silly currentTree +-- readable-stream@2.3.6
59 silly currentTree +-- rimraf@2.6.3
59 silly currentTree +-- safe-buffer@5.1.2
59 silly currentTree +-- safer-buffer@2.1.2
59 silly currentTree +-- sax@1.2.4
59 silly currentTree +-- semver@5.7.0
59 silly currentTree +-- send@0.17.1
59 silly currentTree | `-- ms@2.1.1
59 silly currentTree +-- serve-static@1.14.1
59 silly currentTree +-- set-blocking@2.0.0
59 silly currentTree +-- setprototypeof@1.1.1
59 silly currentTree +-- signal-exit@3.0.2
59 silly currentTree +-- sqlstring@2.3.1
59 silly currentTree +-- statuses@1.5.0
59 silly currentTree +-- string_decoder@1.1.1
59 silly currentTree +-- string-width@1.0.2
59 silly currentTree +-- strip-ansi@3.0.1
59 silly currentTree +-- strip-json-comments@2.0.1
59 silly currentTree +-- tar@4.4.10
59 silly currentTree +-- toidentifier@1.0.0
59 silly currentTree +-- type-is@1.6.18
59 silly currentTree +-- unpipe@1.0.0
59 silly currentTree +-- util-deprecate@1.0.2
59 silly currentTree +-- utils-merge@1.0.1
59 silly currentTree +-- vary@1.1.2
59 silly currentTree +-- wide-align@1.1.3
59 silly currentTree +-- wrappy@1.0.2
59 silly currentTree `-- yallist@3.0.3
60 silly idealTree Backend@1.0.0
60 silly idealTree +-- abbrev@1.1.1
60 silly idealTree +-- accepts@1.3.7
60 silly idealTree +-- ansi-regex@2.1.1
60 silly idealTree +-- aproba@1.2.0
60 silly idealTree +-- are-we-there-yet@1.1.5
60 silly idealTree +-- array-flatten@1.1.1
60 silly idealTree +-- balanced-match@1.0.0
60 silly idealTree +-- basic-auth@2.0.1
60 silly idealTree +-- bcrypt@3.0.6
60 silly idealTree +-- bignumber.js@7.2.1
60 silly idealTree +-- body-parser@1.19.0
60 silly idealTree +-- brace-expansion@1.1.11
60 silly idealTree +-- bytes@3.1.0
60 silly idealTree +-- chownr@1.1.2
60 silly idealTree +-- code-point-at@1.1.0
60 silly idealTree +-- concat-map@0.0.1
60 silly idealTree +-- console-control-strings@1.1.0
60 silly idealTree +-- content-disposition@0.5.3
60 silly idealTree +-- content-type@1.0.4
60 silly idealTree +-- cookie-signature@1.0.6
60 silly idealTree +-- cookie@0.4.0
60 silly idealTree +-- core-util-is@1.0.2
60 silly idealTree +-- cors@2.8.5
60 silly idealTree +-- debug@2.6.9
60 silly idealTree +-- deep-extend@0.6.0
60 silly idealTree +-- delegates@1.0.0
60 silly idealTree +-- depd@1.1.2
60 silly idealTree +-- destroy@1.0.4
60 silly idealTree +-- detect-libc@1.0.3
60 silly idealTree +-- ee-first@1.1.1
60 silly idealTree +-- encodeurl@1.0.2
60 silly idealTree +-- escape-html@1.0.3
60 silly idealTree +-- etag@1.8.1
60 silly idealTree +-- express@4.17.1
60 silly idealTree +-- finalhandler@1.1.2
60 silly idealTree +-- forwarded@0.1.2
60 silly idealTree +-- fresh@0.5.2
60 silly idealTree +-- fs-minipass@1.2.6
60 silly idealTree +-- fs.realpath@1.0.0
60 silly idealTree +-- gauge@2.7.4
60 silly idealTree +-- glob@7.1.4
60 silly idealTree +-- has-unicode@2.0.1
60 silly idealTree +-- http-errors@1.7.2
60 silly idealTree +-- iconv-lite@0.4.24
60 silly idealTree +-- ignore-walk@3.0.1
60 silly idealTree +-- inflight@1.0.6
60 silly idealTree +-- inherits@2.0.3
60 silly idealTree +-- ini@1.3.5
60 silly idealTree +-- ipaddr.js@1.9.0
60 silly idealTree +-- is-fullwidth-code-point@1.0.0
60 silly idealTree +-- isarray@1.0.0
60 silly idealTree +-- media-typer@0.3.0
60 silly idealTree +-- merge-descriptors@1.0.1
60 silly idealTree +-- method-override@3.0.0
60 silly idealTree | `-- debug@3.1.0
60 silly idealTree +-- methods@1.1.2
60 silly idealTree +-- mime-db@1.40.0
60 silly idealTree +-- mime-types@2.1.24
60 silly idealTree +-- mime@1.6.0
60 silly idealTree +-- minimatch@3.0.4
60 silly idealTree +-- minimist@0.0.8
60 silly idealTree +-- minipass@2.3.5
60 silly idealTree +-- minizlib@1.2.1
60 silly idealTree +-- mkdirp@0.5.1
60 silly idealTree +-- morgan@1.9.1
60 silly idealTree +-- ms@2.0.0
60 silly idealTree +-- mysql@2.17.1
60 silly idealTree +-- nan@2.13.2
60 silly idealTree +-- needle@2.4.0
60 silly idealTree | +-- debug@3.2.6
60 silly idealTree | `-- ms@2.1.2
60 silly idealTree +-- negotiator@0.6.2
60 silly idealTree +-- node-pre-gyp@0.12.0
60 silly idealTree +-- nopt@4.0.1
60 silly idealTree +-- npm-bundled@1.0.6
60 silly idealTree +-- npm-packlist@1.4.4
60 silly idealTree +-- npmlog@4.1.2
60 silly idealTree +-- number-is-nan@1.0.1
60 silly idealTree +-- object-assign@4.1.1
60 silly idealTree +-- on-finished@2.3.0
60 silly idealTree +-- on-headers@1.0.2
60 silly idealTree +-- once@1.4.0
60 silly idealTree +-- os-homedir@1.0.2
60 silly idealTree +-- os-tmpdir@1.0.2
60 silly idealTree +-- osenv@0.1.5
60 silly idealTree +-- parseurl@1.3.3
60 silly idealTree +-- path-is-absolute@1.0.1
60 silly idealTree +-- path-to-regexp@0.1.7
60 silly idealTree +-- process-nextick-args@2.0.1
60 silly idealTree +-- proxy-addr@2.0.5
60 silly idealTree +-- qs@6.7.0
60 silly idealTree +-- range-parser@1.2.1
60 silly idealTree +-- raw-body@2.4.0
60 silly idealTree +-- rc@1.2.8
60 silly idealTree | `-- minimist@1.2.0
60 silly idealTree +-- readable-stream@2.3.6
60 silly idealTree +-- rimraf@2.6.3
60 silly idealTree +-- safe-buffer@5.1.2
60 silly idealTree +-- safer-buffer@2.1.2
60 silly idealTree +-- sax@1.2.4
60 silly idealTree +-- semver@5.7.0
60 silly idealTree +-- send@0.17.1
60 silly idealTree | `-- ms@2.1.1
60 silly idealTree +-- serve-static@1.14.1
60 silly idealTree +-- set-blocking@2.0.0
60 silly idealTree +-- setprototypeof@1.1.1
60 silly idealTree +-- signal-exit@3.0.2
60 silly idealTree +-- sqlstring@2.3.1
60 silly idealTree +-- statuses@1.5.0
60 silly idealTree +-- string_decoder@1.1.1
60 silly idealTree +-- string-width@1.0.2
60 silly idealTree +-- strip-ansi@3.0.1
60 silly idealTree +-- strip-json-comments@2.0.1
60 silly idealTree +-- tar@4.4.10
60 silly idealTree +-- toidentifier@1.0.0
60 silly idealTree +-- type-is@1.6.18
60 silly idealTree +-- unpipe@1.0.0
60 silly idealTree +-- util-deprecate@1.0.2
60 silly idealTree +-- utils-merge@1.0.1
60 silly idealTree +-- vary@1.1.2
60 silly idealTree +-- wide-align@1.1.3
60 silly idealTree +-- wrappy@1.0.2
60 silly idealTree `-- yallist@3.0.3
61 silly generateActionsToTake Starting
62 silly install generateActionsToTake
63 silly generateActionsToTake Finishing
64 silly diffTrees action count 7
65 silly diffTrees update body-parser@1.19.0
66 silly diffTrees add bcrypt@3.0.6
67 silly diffTrees update cors@2.8.5
68 silly diffTrees update express@4.17.1
69 silly diffTrees update method-override@3.0.0
70 silly diffTrees update morgan@1.9.1
71 silly diffTrees update mysql@2.17.1
72 silly decomposeActions action count 56
73 silly decomposeActions fetch body-parser@1.19.0
74 silly decomposeActions extract body-parser@1.19.0
75 silly decomposeActions test body-parser@1.19.0
76 silly decomposeActions preinstall body-parser@1.19.0
77 silly decomposeActions build body-parser@1.19.0
78 silly decomposeActions install body-parser@1.19.0
79 silly decomposeActions postinstall body-parser@1.19.0
80 silly decomposeActions finalize body-parser@1.19.0
81 silly decomposeActions fetch bcrypt@3.0.6
82 silly decomposeActions extract bcrypt@3.0.6
83 silly decomposeActions test bcrypt@3.0.6
84 silly decomposeActions preinstall bcrypt@3.0.6
85 silly decomposeActions build bcrypt@3.0.6
86 silly decomposeActions install bcrypt@3.0.6
87 silly decomposeActions postinstall bcrypt@3.0.6
88 silly decomposeActions finalize bcrypt@3.0.6
89 silly decomposeActions fetch cors@2.8.5
90 silly decomposeActions extract cors@2.8.5
91 silly decomposeActions test cors@2.8.5
92 silly decomposeActions preinstall cors@2.8.5
93 silly decomposeActions build cors@2.8.5
94 silly decomposeActions install cors@2.8.5
95 silly decomposeActions postinstall cors@2.8.5
96 silly decomposeActions finalize cors@2.8.5
97 silly decomposeActions fetch express@4.17.1
98 silly decomposeActions extract express@4.17.1
99 silly decomposeActions test express@4.17.1
100 silly decomposeActions preinstall express@4.17.1
101 silly decomposeActions build express@4.17.1
102 silly decomposeActions install express@4.17.1
103 silly decomposeActions postinstall express@4.17.1
104 silly decomposeActions finalize express@4.17.1
105 silly decomposeActions fetch method-override@3.0.0
106 silly decomposeActions extract method-override@3.0.0
107 silly decomposeActions test method-override@3.0.0
108 silly decomposeActions preinstall method-override@3.0.0
109 silly decomposeActions build method-override@3.0.0
110 silly decomposeActions install method-override@3.0.0
111 silly decomposeActions postinstall method-override@3.0.0
112 silly decomposeActions finalize method-override@3.0.0
113 silly decomposeActions fetch morgan@1.9.1
114 silly decomposeActions extract morgan@1.9.1
115 silly decomposeActions test morgan@1.9.1
116 silly decomposeActions preinstall morgan@1.9.1
117 silly decomposeActions build morgan@1.9.1
118 silly decomposeActions install morgan@1.9.1
119 silly decomposeActions postinstall morgan@1.9.1
120 silly decomposeActions finalize morgan@1.9.1
121 silly decomposeActions fetch mysql@2.17.1
122 silly decomposeActions extract mysql@2.17.1
123 silly decomposeActions test mysql@2.17.1
124 silly decomposeActions preinstall mysql@2.17.1
125 silly decomposeActions build mysql@2.17.1
126 silly decomposeActions install mysql@2.17.1
127 silly decomposeActions postinstall mysql@2.17.1
128 silly decomposeActions finalize mysql@2.17.1
129 silly executeActions Starting
130 silly install executeActions
131 silly doSerial global-install 0
132 silly doParallel fetch 7
133 verbose lock using /home/puru/.npm/_locks/staging-8bdd1e2f915d1c5d.lock for /home/puru/Desktop/HA/hos/Back-End/Divyanshu/node_modules/.staging
134 silly doParallel extract 7
135 silly extract body-parser@1.19.0
136 silly extract bcrypt@3.0.6
137 silly extract cors@2.8.5
138 silly extract express@4.17.1
139 silly extract method-override@3.0.0
140 silly extract morgan@1.9.1
141 silly extract mysql@2.17.1
142 verbose unbuild node_modules/.staging/body-parser-93d94498
143 verbose unbuild node_modules/.staging/bcrypt-2ccfa6e9
144 verbose unbuild node_modules/.staging/cors-03709dbe
145 verbose unbuild node_modules/.staging/express-c132c0bd
146 verbose unbuild node_modules/.staging/method-override-a51da1e3
147 verbose unbuild node_modules/.staging/morgan-a7d12ab2
148 verbose unbuild node_modules/.staging/mysql-6948da01
149 silly gentlyRm /home/puru/Desktop/HA/hos/Back-End/Divyanshu/node_modules/.staging/body-parser-93d94498 is being purged from base /home/puru/Desktop/HA/hos/Back-End/Divyanshu
150 verbose gentlyRm don't care about contents; nuking /home/puru/Desktop/HA/hos/Back-End/Divyanshu/node_modules/.staging/body-parser-93d94498
151 silly gentlyRm /home/puru/Desktop/HA/hos/Back-End/Divyanshu/node_modules/.staging/bcrypt-2ccfa6e9 is being purged from base /home/puru/Desktop/HA/hos/Back-End/Divyanshu
152 verbose gentlyRm don't care about contents; nuking /home/puru/Desktop/HA/hos/Back-End/Divyanshu/node_modules/.staging/bcrypt-2ccfa6e9
153 silly gentlyRm /home/puru/Desktop/HA/hos/Back-End/Divyanshu/node_modules/.staging/cors-03709dbe is being purged from base /home/puru/Desktop/HA/hos/Back-End/Divyanshu
154 verbose gentlyRm don't care about contents; nuking /home/puru/Desktop/HA/hos/Back-End/Divyanshu/node_modules/.staging/cors-03709dbe
155 silly gentlyRm /home/puru/Desktop/HA/hos/Back-End/Divyanshu/node_modules/.staging/express-c132c0bd is being purged from base /home/puru/Desktop/HA/hos/Back-End/Divyanshu
156 verbose gentlyRm don't care about contents; nuking /home/puru/Desktop/HA/hos/Back-End/Divyanshu/node_modules/.staging/express-c132c0bd
157 silly gentlyRm /home/puru/Desktop/HA/hos/Back-End/Divyanshu/node_modules/.staging/method-override-a51da1e3 is being purged from base /home/puru/Desktop/HA/hos/Back-End/Divyanshu
158 verbose gentlyRm don't care about contents; nuking /home/puru/Desktop/HA/hos/Back-End/Divyanshu/node_modules/.staging/method-override-a51da1e3
159 silly gentlyRm /home/puru/Desktop/HA/hos/Back-End/Divyanshu/node_modules/.staging/morgan-a7d12ab2 is being purged from base /home/puru/Desktop/HA/hos/Back-End/Divyanshu
160 verbose gentlyRm don't care about contents; nuking /home/puru/Desktop/HA/hos/Back-End/Divyanshu/node_modules/.staging/morgan-a7d12ab2
161 silly gentlyRm /home/puru/Desktop/HA/hos/Back-End/Divyanshu/node_modules/.staging/mysql-6948da01 is being purged from base /home/puru/Desktop/HA/hos/Back-End/Divyanshu
162 verbose gentlyRm don't care about contents; nuking /home/puru/Desktop/HA/hos/Back-End/Divyanshu/node_modules/.staging/mysql-6948da01
163 verbose tar unpack /home/puru/.npm/body-parser/1.19.0/package.tgz
164 verbose tar unpacking to /home/puru/Desktop/HA/hos/Back-End/Divyanshu/node_modules/.staging/body-parser-93d94498
165 silly gentlyRm /home/puru/Desktop/HA/hos/Back-End/Divyanshu/node_modules/.staging/body-parser-93d94498 is being purged
166 verbose gentlyRm don't care about contents; nuking /home/puru/Desktop/HA/hos/Back-End/Divyanshu/node_modules/.staging/body-parser-93d94498
167 verbose tar unpack /home/puru/.npm/bcrypt/3.0.6/package.tgz
168 verbose tar unpacking to /home/puru/Desktop/HA/hos/Back-End/Divyanshu/node_modules/.staging/bcrypt-2ccfa6e9
169 silly gentlyRm /home/puru/Desktop/HA/hos/Back-End/Divyanshu/node_modules/.staging/bcrypt-2ccfa6e9 is being purged
170 verbose gentlyRm don't care about contents; nuking /home/puru/Desktop/HA/hos/Back-End/Divyanshu/node_modules/.staging/bcrypt-2ccfa6e9
171 verbose tar unpack /home/puru/.npm/cors/2.8.5/package.tgz
172 verbose tar unpacking to /home/puru/Desktop/HA/hos/Back-End/Divyanshu/node_modules/.staging/cors-03709dbe
173 silly gentlyRm /home/puru/Desktop/HA/hos/Back-End/Divyanshu/node_modules/.staging/cors-03709dbe is being purged
174 verbose gentlyRm don't care about contents; nuking /home/puru/Desktop/HA/hos/Back-End/Divyanshu/node_modules/.staging/cors-03709dbe
175 verbose tar unpack /home/puru/.npm/express/4.17.1/package.tgz
176 verbose tar unpacking to /home/puru/Desktop/HA/hos/Back-End/Divyanshu/node_modules/.staging/express-c132c0bd
177 silly gentlyRm /home/puru/Desktop/HA/hos/Back-End/Divyanshu/node_modules/.staging/express-c132c0bd is being purged
178 verbose gentlyRm don't care about contents; nuking /home/puru/Desktop/HA/hos/Back-End/Divyanshu/node_modules/.staging/express-c132c0bd
179 verbose tar unpack /home/puru/.npm/method-override/3.0.0/package.tgz
180 verbose tar unpacking to /home/puru/Desktop/HA/hos/Back-End/Divyanshu/node_modules/.staging/method-override-a51da1e3
181 silly gentlyRm /home/puru/Desktop/HA/hos/Back-End/Divyanshu/node_modules/.staging/method-override-a51da1e3 is being purged
182 verbose gentlyRm don't care about contents; nuking /home/puru/Desktop/HA/hos/Back-End/Divyanshu/node_modules/.staging/method-override-a51da1e3
183 verbose tar unpack /home/puru/.npm/morgan/1.9.1/package.tgz
184 verbose tar unpacking to /home/puru/Desktop/HA/hos/Back-End/Divyanshu/node_modules/.staging/morgan-a7d12ab2
185 silly gentlyRm /home/puru/Desktop/HA/hos/Back-End/Divyanshu/node_modules/.staging/morgan-a7d12ab2 is being purged
186 verbose gentlyRm don't care about contents; nuking /home/puru/Desktop/HA/hos/Back-End/Divyanshu/node_modules/.staging/morgan-a7d12ab2
187 verbose tar unpack /home/puru/.npm/mysql/2.17.1/package.tgz
188 verbose tar unpacking to /home/puru/Desktop/HA/hos/Back-End/Divyanshu/node_modules/.staging/mysql-6948da01
189 silly gentlyRm /home/puru/Desktop/HA/hos/Back-End/Divyanshu/node_modules/.staging/mysql-6948da01 is being purged
190 verbose gentlyRm don't care about contents; nuking /home/puru/Desktop/HA/hos/Back-End/Divyanshu/node_modules/.staging/mysql-6948da01
191 silly gunzTarPerm modes [ '755', '644' ]
192 silly gunzTarPerm modes [ '755', '644' ]
193 silly gunzTarPerm modes [ '755', '644' ]
194 silly gunzTarPerm modes [ '755', '644' ]
195 silly gunzTarPerm modes [ '755', '644' ]
196 silly gunzTarPerm modes [ '755', '644' ]
197 silly gunzTarPerm modes [ '755', '644' ]
198 silly gunzTarPerm extractEntry package.json
199 silly gunzTarPerm extractEntry package.json
200 silly gunzTarPerm modified mode [ 'package.json', 436, 420 ]
201 silly gunzTarPerm extractEntry package.json
202 silly gunzTarPerm extractEntry package.json
203 silly gunzTarPerm extractEntry package.json
204 silly gunzTarPerm extractEntry package.json
205 silly gunzTarPerm extractEntry package.json
206 silly gunzTarPerm extractEntry HISTORY.md
207 silly gunzTarPerm extractEntry index.js
208 silly gunzTarPerm extractEntry LICENSE
209 silly gunzTarPerm extractEntry README.md
210 silly gunzTarPerm extractEntry lib/read.js
211 silly gunzTarPerm extractEntry lib/types/json.js
212 silly gunzTarPerm extractEntry lib/types/raw.js
213 silly gunzTarPerm extractEntry lib/types/text.js
214 silly gunzTarPerm extractEntry lib/types/urlencoded.js
215 silly gunzTarPerm extractEntry .editorconfig
216 silly gunzTarPerm modified mode [ '.editorconfig', 436, 420 ]
217 silly gunzTarPerm extractEntry .travis.yml
218 silly gunzTarPerm modified mode [ '.travis.yml', 436, 420 ]
219 silly gunzTarPerm extractEntry CONTRIBUTING.md
220 silly gunzTarPerm extractEntry HISTORY.md
221 silly gunzTarPerm extractEntry History.md
222 silly gunzTarPerm extractEntry index.js
223 silly gunzTarPerm extractEntry HISTORY.md
224 silly gunzTarPerm extractEntry index.js
225 silly gunzTarPerm extractEntry HISTORY.md
226 silly gunzTarPerm extractEntry index.js
227 silly gunzTarPerm extractEntry Changes.md
228 silly gunzTarPerm extractEntry index.js
229 silly gunzTarPerm extractEntry appveyor.yml
230 silly gunzTarPerm modified mode [ 'appveyor.yml', 436, 420 ]
231 silly gunzTarPerm extractEntry bcrypt.js
232 silly gunzTarPerm modified mode [ 'bcrypt.js', 436, 420 ]
233 silly gunzTarPerm extractEntry LICENSE
234 silly gunzTarPerm extractEntry README.md
235 silly gunzTarPerm extractEntry LICENSE
236 silly gunzTarPerm extractEntry Readme.md
237 silly gunzTarPerm extractEntry lib/application.js
238 silly gunzTarPerm extractEntry LICENSE
239 silly gunzTarPerm extractEntry README.md
240 silly gunzTarPerm extractEntry LICENSE
241 silly gunzTarPerm extractEntry License
242 silly gunzTarPerm extractEntry Readme.md
243 silly gunzTarPerm extractEntry lib/Connection.js
244 silly gunzTarPerm extractEntry lib/express.js
245 silly gunzTarPerm extractEntry lib/ConnectionConfig.js
246 silly gunzTarPerm extractEntry lib/middleware/init.js
247 silly gunzTarPerm extractEntry lib/middleware/query.js
248 silly gunzTarPerm extractEntry binding.gyp
249 silly gunzTarPerm modified mode [ 'binding.gyp', 436, 420 ]
250 silly gunzTarPerm extractEntry CHANGELOG.md
251 silly gunzTarPerm modified mode [ 'CHANGELOG.md', 436, 420 ]
252 silly gunzTarPerm extractEntry ISSUE_TEMPLATE.md
253 silly gunzTarPerm modified mode [ 'ISSUE_TEMPLATE.md', 436, 420 ]
254 silly gunzTarPerm extractEntry LICENSE
255 silly gunzTarPerm modified mode [ 'LICENSE', 436, 420 ]
256 silly gunzTarPerm extractEntry Makefile
257 silly gunzTarPerm modified mode [ 'Makefile', 436, 420 ]
258 silly gunzTarPerm extractEntry promises.js
259 silly gunzTarPerm modified mode [ 'promises.js', 436, 420 ]
260 silly gunzTarPerm extractEntry README.md
261 silly gunzTarPerm modified mode [ 'README.md', 436, 420 ]
262 silly gunzTarPerm extractEntry examples/async_compare.js
263 silly gunzTarPerm modified mode [ 'examples/async_compare.js', 436, 420 ]
264 silly gunzTarPerm extractEntry examples/forever_gen_salt.js
265 silly gunzTarPerm modified mode [ 'examples/forever_gen_salt.js', 436, 420 ]
266 silly gunzTarPerm extractEntry src/bcrypt_node.cc
267 silly gunzTarPerm modified mode [ 'src/bcrypt_node.cc', 436, 420 ]
268 silly gunzTarPerm extractEntry src/bcrypt.cc
269 silly gunzTarPerm modified mode [ 'src/bcrypt.cc', 436, 420 ]
270 silly gunzTarPerm extractEntry src/blowfish.cc
271 silly gunzTarPerm modified mode [ 'src/blowfish.cc', 436, 420 ]
272 silly gunzTarPerm extractEntry src/node_blf.h
273 silly gunzTarPerm modified mode [ 'src/node_blf.h', 436, 420 ]
274 silly gunzTarPerm extractEntry test/async.js
275 silly gunzTarPerm modified mode [ 'test/async.js', 436, 420 ]
276 silly gunzTarPerm extractEntry test/implementation.js
277 silly gunzTarPerm modified mode [ 'test/implementation.js', 436, 420 ]
278 silly gunzTarPerm extractEntry test/promise.js
279 silly gunzTarPerm modified mode [ 'test/promise.js', 436, 420 ]
280 silly gunzTarPerm extractEntry test/repetitions.js
281 silly gunzTarPerm modified mode [ 'test/repetitions.js', 436, 420 ]
282 silly gunzTarPerm extractEntry test/sync.js
283 silly gunzTarPerm modified mode [ 'test/sync.js', 436, 420 ]
284 silly gunzTarPerm extractEntry lib/request.js
285 silly gunzTarPerm extractEntry lib/index.js
286 silly gunzTarPerm extractEntry README.md
287 silly gunzTarPerm extractEntry lib/Pool.js
288 silly gunzTarPerm extractEntry lib/PoolCluster.js
289 silly gunzTarPerm extractEntry lib/response.js
290 silly gunzTarPerm extractEntry lib/PoolConfig.js
291 silly gunzTarPerm extractEntry lib/PoolConnection.js
292 silly gunzTarPerm extractEntry lib/router/index.js
293 silly gunzTarPerm extractEntry lib/router/layer.js
294 silly gunzTarPerm extractEntry lib/router/route.js
295 silly gunzTarPerm extractEntry lib/utils.js
296 silly gunzTarPerm extractEntry lib/PoolNamespace.js
297 silly gunzTarPerm extractEntry lib/PoolSelector.js
298 silly gunzTarPerm extractEntry lib/protocol/Auth.js
299 silly gunzTarPerm extractEntry lib/protocol/BufferList.js
300 silly gunzTarPerm extractEntry lib/protocol/constants/charsets.js
301 silly gunzTarPerm extractEntry lib/protocol/constants/client.js
302 silly gunzTarPerm extractEntry lib/view.js
303 silly gunzTarPerm extractEntry lib/protocol/constants/errors.js
304 silly gunzTarPerm extractEntry lib/protocol/constants/field_flags.js
305 silly gentlyRm /home/puru/Desktop/HA/hos/Back-End/Divyanshu/node_modules/.staging/morgan-a7d12ab2/node_modules is being purged
306 verbose gentlyRm don't care about contents; nuking /home/puru/Desktop/HA/hos/Back-End/Divyanshu/node_modules/.staging/morgan-a7d12ab2/node_modules
307 silly gentlyRm /home/puru/Desktop/HA/hos/Back-End/Divyanshu/node_modules/.staging/method-override-a51da1e3/node_modules is being purged
308 verbose gentlyRm don't care about contents; nuking /home/puru/Desktop/HA/hos/Back-End/Divyanshu/node_modules/.staging/method-override-a51da1e3/node_modules
309 silly gunzTarPerm extractEntry lib/protocol/constants/server_status.js
310 silly gunzTarPerm extractEntry lib/protocol/constants/ssl_profiles.js
311 silly gentlyRm /home/puru/Desktop/HA/hos/Back-End/Divyanshu/node_modules/.staging/cors-03709dbe/node_modules is being purged
312 verbose gentlyRm don't care about contents; nuking /home/puru/Desktop/HA/hos/Back-End/Divyanshu/node_modules/.staging/cors-03709dbe/node_modules
313 silly gunzTarPerm extractEntry lib/protocol/constants/types.js
314 silly gunzTarPerm extractEntry lib/protocol/PacketHeader.js
315 silly gunzTarPerm extractEntry lib/protocol/packets/AuthSwitchRequestPacket.js
316 silly gunzTarPerm extractEntry lib/protocol/packets/AuthSwitchResponsePacket.js
317 silly gunzTarPerm extractEntry lib/protocol/packets/ClientAuthenticationPacket.js
318 silly gunzTarPerm extractEntry lib/protocol/packets/ComChangeUserPacket.js
319 silly gunzTarPerm extractEntry lib/protocol/packets/ComPingPacket.js
320 silly gunzTarPerm extractEntry lib/protocol/packets/ComQueryPacket.js
321 silly gentlyRm /home/puru/Desktop/HA/hos/Back-End/Divyanshu/node_modules/.staging/body-parser-93d94498/node_modules is being purged
322 verbose gentlyRm don't care about contents; nuking /home/puru/Desktop/HA/hos/Back-End/Divyanshu/node_modules/.staging/body-parser-93d94498/node_modules
323 silly gunzTarPerm extractEntry lib/protocol/packets/ComQuitPacket.js
324 silly gunzTarPerm extractEntry lib/protocol/packets/ComStatisticsPacket.js
325 silly gunzTarPerm extractEntry lib/protocol/packets/EmptyPacket.js
326 silly gunzTarPerm extractEntry lib/protocol/packets/EofPacket.js
327 silly gunzTarPerm extractEntry lib/protocol/packets/ErrorPacket.js
328 silly gunzTarPerm extractEntry lib/protocol/packets/Field.js
329 silly gunzTarPerm extractEntry lib/protocol/packets/FieldPacket.js
330 silly gunzTarPerm extractEntry lib/protocol/packets/HandshakeInitializationPacket.js
331 silly gunzTarPerm extractEntry lib/protocol/packets/index.js
332 silly gunzTarPerm extractEntry lib/protocol/packets/LocalDataFilePacket.js
333 silly gunzTarPerm extractEntry lib/protocol/packets/OkPacket.js
334 silly gunzTarPerm extractEntry lib/protocol/packets/OldPasswordPacket.js
335 silly gunzTarPerm extractEntry lib/protocol/packets/ResultSetHeaderPacket.js
336 silly gunzTarPerm extractEntry lib/protocol/packets/RowDataPacket.js
337 silly gunzTarPerm extractEntry lib/protocol/packets/SSLRequestPacket.js
338 silly gunzTarPerm extractEntry lib/protocol/packets/StatisticsPacket.js
339 silly gunzTarPerm extractEntry lib/protocol/packets/UseOldPasswordPacket.js
340 silly gunzTarPerm extractEntry lib/protocol/PacketWriter.js
341 silly gunzTarPerm extractEntry lib/protocol/Parser.js
342 silly gentlyRm /home/puru/Desktop/HA/hos/Back-End/Divyanshu/node_modules/.staging/express-c132c0bd/node_modules is being purged
343 verbose gentlyRm don't care about contents; nuking /home/puru/Desktop/HA/hos/Back-End/Divyanshu/node_modules/.staging/express-c132c0bd/node_modules
344 silly gunzTarPerm extractEntry lib/protocol/Protocol.js
345 silly gunzTarPerm extractEntry lib/protocol/ResultSet.js
346 silly gunzTarPerm extractEntry lib/protocol/sequences/ChangeUser.js
347 silly gunzTarPerm extractEntry lib/protocol/sequences/Handshake.js
348 silly gunzTarPerm extractEntry lib/protocol/sequences/index.js
349 silly gunzTarPerm extractEntry lib/protocol/sequences/Ping.js
350 silly gunzTarPerm extractEntry lib/protocol/sequences/Query.js
351 silly gunzTarPerm extractEntry lib/protocol/sequences/Quit.js
352 silly gunzTarPerm extractEntry lib/protocol/sequences/Sequence.js
353 silly gunzTarPerm extractEntry lib/protocol/sequences/Statistics.js
354 silly gunzTarPerm extractEntry lib/protocol/SqlString.js
355 silly gunzTarPerm extractEntry lib/protocol/Timer.js
356 silly gentlyRm /home/puru/Desktop/HA/hos/Back-End/Divyanshu/node_modules/.staging/bcrypt-2ccfa6e9/node_modules is being purged
357 verbose gentlyRm don't care about contents; nuking /home/puru/Desktop/HA/hos/Back-End/Divyanshu/node_modules/.staging/bcrypt-2ccfa6e9/node_modules
358 silly gentlyRm /home/puru/Desktop/HA/hos/Back-End/Divyanshu/node_modules/.staging/mysql-6948da01/node_modules is being purged
359 verbose gentlyRm don't care about contents; nuking /home/puru/Desktop/HA/hos/Back-End/Divyanshu/node_modules/.staging/mysql-6948da01/node_modules
360 silly doParallel preinstall 7
361 silly preinstall body-parser@1.19.0 /home/puru/Desktop/HA/hos/Back-End/Divyanshu/node_modules/.staging/body-parser-93d94498
362 info lifecycle body-parser@1.19.0~preinstall: body-parser@1.19.0
363 silly preinstall bcrypt@3.0.6 /home/puru/Desktop/HA/hos/Back-End/Divyanshu/node_modules/.staging/bcrypt-2ccfa6e9
364 info lifecycle bcrypt@3.0.6~preinstall: bcrypt@3.0.6
365 silly preinstall cors@2.8.5 /home/puru/Desktop/HA/hos/Back-End/Divyanshu/node_modules/.staging/cors-03709dbe
366 info lifecycle cors@2.8.5~preinstall: cors@2.8.5
367 silly preinstall express@4.17.1 /home/puru/Desktop/HA/hos/Back-End/Divyanshu/node_modules/.staging/express-c132c0bd
368 info lifecycle express@4.17.1~preinstall: express@4.17.1
369 silly preinstall method-override@3.0.0 /home/puru/Desktop/HA/hos/Back-End/Divyanshu/node_modules/.staging/method-override-a51da1e3
370 info lifecycle method-override@3.0.0~preinstall: method-override@3.0.0
371 silly preinstall morgan@1.9.1 /home/puru/Desktop/HA/hos/Back-End/Divyanshu/node_modules/.staging/morgan-a7d12ab2
372 info lifecycle morgan@1.9.1~preinstall: morgan@1.9.1
373 silly preinstall mysql@2.17.1 /home/puru/Desktop/HA/hos/Back-End/Divyanshu/node_modules/.staging/mysql-6948da01
374 info lifecycle mysql@2.17.1~preinstall: mysql@2.17.1
375 silly lifecycle body-parser@1.19.0~preinstall: no script for preinstall, continuing
376 silly lifecycle bcrypt@3.0.6~preinstall: no script for preinstall, continuing
377 silly lifecycle cors@2.8.5~preinstall: no script for preinstall, continuing
378 silly lifecycle express@4.17.1~preinstall: no script for preinstall, continuing
379 silly lifecycle method-override@3.0.0~preinstall: no script for preinstall, continuing
380 silly lifecycle morgan@1.9.1~preinstall: no script for preinstall, continuing
381 silly lifecycle mysql@2.17.1~preinstall: no script for preinstall, continuing
382 silly doReverseSerial remove 0
383 silly doSerial move 0
384 silly doSerial finalize 7
385 silly finalize /home/puru/Desktop/HA/hos/Back-End/Divyanshu/node_modules/body-parser
386 silly finalize /home/puru/Desktop/HA/hos/Back-End/Divyanshu/node_modules/bcrypt
387 silly finalize /home/puru/Desktop/HA/hos/Back-End/Divyanshu/node_modules/cors
388 silly finalize /home/puru/Desktop/HA/hos/Back-End/Divyanshu/node_modules/express
389 silly finalize /home/puru/Desktop/HA/hos/Back-End/Divyanshu/node_modules/method-override
390 silly finalize /home/puru/Desktop/HA/hos/Back-End/Divyanshu/node_modules/morgan
391 silly finalize /home/puru/Desktop/HA/hos/Back-End/Divyanshu/node_modules/mysql
392 silly doSerial build 7
393 silly build body-parser@1.19.0
394 info linkStuff body-parser@1.19.0
395 silly linkStuff body-parser@1.19.0 has /home/puru/Desktop/HA/hos/Back-End/Divyanshu/node_modules as its parent node_modules
396 verbose linkBins body-parser@1.19.0
397 verbose linkMans body-parser@1.19.0
398 silly build bcrypt@3.0.6
399 info linkStuff bcrypt@3.0.6
400 silly linkStuff bcrypt@3.0.6 has /home/puru/Desktop/HA/hos/Back-End/Divyanshu/node_modules as its parent node_modules
401 verbose linkBins bcrypt@3.0.6
402 verbose linkMans bcrypt@3.0.6
403 silly build cors@2.8.5
404 info linkStuff cors@2.8.5
405 silly linkStuff cors@2.8.5 has /home/puru/Desktop/HA/hos/Back-End/Divyanshu/node_modules as its parent node_modules
406 verbose linkBins cors@2.8.5
407 verbose linkMans cors@2.8.5
408 silly build express@4.17.1
409 info linkStuff express@4.17.1
410 silly linkStuff express@4.17.1 has /home/puru/Desktop/HA/hos/Back-End/Divyanshu/node_modules as its parent node_modules
411 verbose linkBins express@4.17.1
412 verbose linkMans express@4.17.1
413 silly build method-override@3.0.0
414 info linkStuff method-override@3.0.0
415 silly linkStuff method-override@3.0.0 has /home/puru/Desktop/HA/hos/Back-End/Divyanshu/node_modules as its parent node_modules
416 verbose linkBins method-override@3.0.0
417 verbose linkMans method-override@3.0.0
418 silly build morgan@1.9.1
419 info linkStuff morgan@1.9.1
420 silly linkStuff morgan@1.9.1 has /home/puru/Desktop/HA/hos/Back-End/Divyanshu/node_modules as its parent node_modules
421 verbose linkBins morgan@1.9.1
422 verbose linkMans morgan@1.9.1
423 silly build mysql@2.17.1
424 info linkStuff mysql@2.17.1
425 silly linkStuff mysql@2.17.1 has /home/puru/Desktop/HA/hos/Back-End/Divyanshu/node_modules as its parent node_modules
426 verbose linkBins mysql@2.17.1
427 verbose linkMans mysql@2.17.1
428 silly doSerial global-link 0
429 silly doParallel update-linked 0
430 silly doSerial install 7
431 silly install body-parser@1.19.0 /home/puru/Desktop/HA/hos/Back-End/Divyanshu/node_modules/.staging/body-parser-93d94498
432 info lifecycle body-parser@1.19.0~install: body-parser@1.19.0
433 silly lifecycle body-parser@1.19.0~install: no script for install, continuing
434 silly install bcrypt@3.0.6 /home/puru/Desktop/HA/hos/Back-End/Divyanshu/node_modules/.staging/bcrypt-2ccfa6e9
435 info lifecycle bcrypt@3.0.6~install: bcrypt@3.0.6
436 verbose lifecycle bcrypt@3.0.6~install: unsafe-perm in lifecycle false
437 verbose lifecycle bcrypt@3.0.6~install: PATH: /usr/share/npm/bin/node-gyp-bin:/home/puru/Desktop/HA/hos/Back-End/Divyanshu/node_modules/bcrypt/node_modules/.bin:/home/puru/Desktop/HA/hos/Back-End/Divyanshu/node_modules/.bin:/usr/local/sbin:/usr/local/bin:/usr/sbin:/usr/bin:/sbin:/bin:/snap/bin
438 verbose lifecycle bcrypt@3.0.6~install: CWD: /home/puru/Desktop/HA/hos/Back-End/Divyanshu/node_modules/bcrypt
439 silly lifecycle bcrypt@3.0.6~install: Args: [ '-c', 'node-pre-gyp install --fallback-to-build' ]
440 silly lifecycle bcrypt@3.0.6~install: Returned: code: 126  signal: null
441 info lifecycle bcrypt@3.0.6~install: Failed to exec install script
442 verbose unlock done using /home/puru/.npm/_locks/staging-8bdd1e2f915d1c5d.lock for /home/puru/Desktop/HA/hos/Back-End/Divyanshu/node_modules/.staging
443 silly rollbackFailedOptional Starting
444 silly rollbackFailedOptional Finishing
445 silly runTopLevelLifecycles Starting
446 silly runTopLevelLifecycles Finishing
447 silly install printInstalled
448 warn Backend@1.0.0 No description
449 warn Backend@1.0.0 No repository field.
450 verbose stack Error: bcrypt@3.0.6 install: `node-pre-gyp install --fallback-to-build`
450 verbose stack Exit status 126
450 verbose stack     at EventEmitter.<anonymous> (/usr/share/npm/lib/utils/lifecycle.js:232:16)
450 verbose stack     at emitTwo (events.js:126:13)
450 verbose stack     at EventEmitter.emit (events.js:214:7)
450 verbose stack     at ChildProcess.<anonymous> (/usr/share/npm/lib/utils/spawn.js:24:14)
450 verbose stack     at emitTwo (events.js:126:13)
450 verbose stack     at ChildProcess.emit (events.js:214:7)
450 verbose stack     at maybeClose (internal/child_process.js:925:16)
450 verbose stack     at Process.ChildProcess._handle.onexit (internal/child_process.js:209:5)
451 verbose pkgid bcrypt@3.0.6
452 verbose cwd /home/puru/Desktop/HA/hos/Back-End/Divyanshu
453 error Linux 4.15.0-50-generic
454 error argv "/usr/bin/node" "/usr/bin/npm" "i"
455 error node v8.10.0
456 error npm  v3.5.2
457 error code ELIFECYCLE
458 error bcrypt@3.0.6 install: `node-pre-gyp install --fallback-to-build`
458 error Exit status 126
459 error Failed at the bcrypt@3.0.6 install script 'node-pre-gyp install --fallback-to-build'.
459 error Make sure you have the latest version of node.js and npm installed.
459 error If you do, this is most likely a problem with the bcrypt package,
459 error not with npm itself.
459 error Tell the author that this fails on your system:
459 error     node-pre-gyp install --fallback-to-build
459 error You can get information on how to open an issue for this project with:
459 error     npm bugs bcrypt
459 error Or if that isn't available, you can get their info via:
459 error     npm owner ls bcrypt
459 error There is likely additional logging output above.
460 verbose exit [ 1, true ]
